\BOOKMARK [0][-]{chapter.1}{\376\377\000C\000l\000a\000s\000s\000\040\000I\000n\000d\000e\000x}{}% 1
\BOOKMARK [1][-]{section.1.1}{\376\377\000C\000l\000a\000s\000s\000\040\000L\000i\000s\000t}{chapter.1}% 2
\BOOKMARK [0][-]{chapter.2}{\376\377\000F\000i\000l\000e\000\040\000I\000n\000d\000e\000x}{}% 3
\BOOKMARK [1][-]{section.2.1}{\376\377\000F\000i\000l\000e\000\040\000L\000i\000s\000t}{chapter.2}% 4
\BOOKMARK [0][-]{chapter.3}{\376\377\000C\000l\000a\000s\000s\000\040\000D\000o\000c\000u\000m\000e\000n\000t\000a\000t\000i\000o\000n}{}% 5
\BOOKMARK [1][-]{section.3.1}{\376\377\000F\000i\000l\000e\000H\000a\000n\000d\000l\000e\000r\000\040\000C\000l\000a\000s\000s\000\040\000R\000e\000f\000e\000r\000e\000n\000c\000e}{chapter.3}% 6
\BOOKMARK [2][-]{subsection.3.1.1}{\376\377\000C\000o\000n\000s\000t\000r\000u\000c\000t\000o\000r\000\040\000\046\000\040\000D\000e\000s\000t\000r\000u\000c\000t\000o\000r\000\040\000D\000o\000c\000u\000m\000e\000n\000t\000a\000t\000i\000o\000n}{section.3.1}% 7
\BOOKMARK [3][-]{subsubsection.3.1.1.1}{\376\377\000F\000i\000l\000e\000H\000a\000n\000d\000l\000e\000r}{subsection.3.1.1}% 8
\BOOKMARK [3][-]{subsubsection.3.1.1.2}{\376\377\000F\000i\000l\000e\000H\000a\000n\000d\000l\000e\000r}{subsection.3.1.1}% 9
\BOOKMARK [3][-]{subsubsection.3.1.1.3}{\376\377\000F\000i\000l\000e\000H\000a\000n\000d\000l\000e\000r}{subsection.3.1.1}% 10
\BOOKMARK [2][-]{subsection.3.1.2}{\376\377\000M\000e\000m\000b\000e\000r\000\040\000F\000u\000n\000c\000t\000i\000o\000n\000\040\000D\000o\000c\000u\000m\000e\000n\000t\000a\000t\000i\000o\000n}{section.3.1}% 11
\BOOKMARK [3][-]{subsubsection.3.1.2.1}{\376\377\000g\000e\000t\000C\000o\000n\000t\000e\000n\000t\000s}{subsection.3.1.2}% 12
\BOOKMARK [3][-]{subsubsection.3.1.2.2}{\376\377\000s\000e\000t\000F\000i\000l\000e\000n\000a\000m\000e}{subsection.3.1.2}% 13
\BOOKMARK [1][-]{section.3.2}{\376\377\000N\000o\000d\000e\000<\000\040\000D\000\040\000>\000\040\000C\000l\000a\000s\000s\000\040\000T\000e\000m\000p\000l\000a\000t\000e\000\040\000R\000e\000f\000e\000r\000e\000n\000c\000e}{chapter.3}% 14
\BOOKMARK [2][-]{subsection.3.2.1}{\376\377\000D\000e\000t\000a\000i\000l\000e\000d\000\040\000D\000e\000s\000c\000r\000i\000p\000t\000i\000o\000n}{section.3.2}% 15
\BOOKMARK [1][-]{section.3.3}{\376\377\000Q\000u\000e\000u\000e\000<\000\040\000T\000\040\000>\000\040\000C\000l\000a\000s\000s\000\040\000T\000e\000m\000p\000l\000a\000t\000e\000\040\000R\000e\000f\000e\000r\000e\000n\000c\000e}{chapter.3}% 16
\BOOKMARK [2][-]{subsection.3.3.1}{\376\377\000D\000e\000t\000a\000i\000l\000e\000d\000\040\000D\000e\000s\000c\000r\000i\000p\000t\000i\000o\000n}{section.3.3}% 17
\BOOKMARK [2][-]{subsection.3.3.2}{\376\377\000C\000o\000n\000s\000t\000r\000u\000c\000t\000o\000r\000\040\000\046\000\040\000D\000e\000s\000t\000r\000u\000c\000t\000o\000r\000\040\000D\000o\000c\000u\000m\000e\000n\000t\000a\000t\000i\000o\000n}{section.3.3}% 18
\BOOKMARK [3][-]{subsubsection.3.3.2.1}{\376\377\000Q\000u\000e\000u\000e}{subsection.3.3.2}% 19
\BOOKMARK [2][-]{subsection.3.3.3}{\376\377\000M\000e\000m\000b\000e\000r\000\040\000F\000u\000n\000c\000t\000i\000o\000n\000\040\000D\000o\000c\000u\000m\000e\000n\000t\000a\000t\000i\000o\000n}{section.3.3}% 20
\BOOKMARK [3][-]{subsubsection.3.3.3.1}{\376\377\000e\000m\000p\000t\000y}{subsection.3.3.3}% 21
\BOOKMARK [3][-]{subsubsection.3.3.3.2}{\376\377\000g\000e\000t\000S\000i\000z\000e}{subsection.3.3.3}% 22
\BOOKMARK [3][-]{subsubsection.3.3.3.3}{\376\377\000p\000o\000p}{subsection.3.3.3}% 23
\BOOKMARK [3][-]{subsubsection.3.3.3.4}{\376\377\000p\000r\000i\000n\000t}{subsection.3.3.3}% 24
\BOOKMARK [3][-]{subsubsection.3.3.3.5}{\376\377\000p\000u\000s\000h}{subsection.3.3.3}% 25
\BOOKMARK [1][-]{section.3.4}{\376\377\000T\000o\000k\000e\000n\000i\000z\000e\000r\000\040\000C\000l\000a\000s\000s\000\040\000R\000e\000f\000e\000r\000e\000n\000c\000e}{chapter.3}% 26
\BOOKMARK [2][-]{subsection.3.4.1}{\376\377\000C\000o\000n\000s\000t\000r\000u\000c\000t\000o\000r\000\040\000\046\000\040\000D\000e\000s\000t\000r\000u\000c\000t\000o\000r\000\040\000D\000o\000c\000u\000m\000e\000n\000t\000a\000t\000i\000o\000n}{section.3.4}% 27
\BOOKMARK [3][-]{subsubsection.3.4.1.1}{\376\377\000T\000o\000k\000e\000n\000i\000z\000e\000r}{subsection.3.4.1}% 28
\BOOKMARK [0][-]{chapter.4}{\376\377\000F\000i\000l\000e\000\040\000D\000o\000c\000u\000m\000e\000n\000t\000a\000t\000i\000o\000n}{}% 29
\BOOKMARK [1][-]{section.4.1}{\376\377\000s\000r\000c\000/\000F\000i\000l\000e\000H\000a\000n\000d\000l\000e\000r\000.\000h\000\040\000F\000i\000l\000e\000\040\000R\000e\000f\000e\000r\000e\000n\000c\000e}{chapter.4}% 30
\BOOKMARK [2][-]{subsection.4.1.1}{\376\377\000D\000e\000t\000a\000i\000l\000e\000d\000\040\000D\000e\000s\000c\000r\000i\000p\000t\000i\000o\000n}{section.4.1}% 31
\BOOKMARK [1][-]{section.4.2}{\376\377\000s\000r\000c\000/\000m\000a\000i\000n\000.\000c\000p\000p\000\040\000F\000i\000l\000e\000\040\000R\000e\000f\000e\000r\000e\000n\000c\000e}{chapter.4}% 32
\BOOKMARK [2][-]{subsection.4.2.1}{\376\377\000D\000e\000t\000a\000i\000l\000e\000d\000\040\000D\000e\000s\000c\000r\000i\000p\000t\000i\000o\000n}{section.4.2}% 33
\BOOKMARK [1][-]{section.4.3}{\376\377\000s\000r\000c\000/\000T\000o\000k\000e\000n\000i\000z\000e\000r\000.\000c\000p\000p\000\040\000F\000i\000l\000e\000\040\000R\000e\000f\000e\000r\000e\000n\000c\000e}{chapter.4}% 34
\BOOKMARK [2][-]{subsection.4.3.1}{\376\377\000D\000e\000t\000a\000i\000l\000e\000d\000\040\000D\000e\000s\000c\000r\000i\000p\000t\000i\000o\000n}{section.4.3}% 35
\BOOKMARK [1][-]{section.4.4}{\376\377\000s\000r\000c\000/\000T\000o\000k\000e\000n\000i\000z\000e\000r\000.\000h\000\040\000F\000i\000l\000e\000\040\000R\000e\000f\000e\000r\000e\000n\000c\000e}{chapter.4}% 36
\BOOKMARK [2][-]{subsection.4.4.1}{\376\377\000D\000e\000t\000a\000i\000l\000e\000d\000\040\000D\000e\000s\000c\000r\000i\000p\000t\000i\000o\000n}{section.4.4}% 37
